Into ChooseMode Sun Nov 26 20:21:25 2017
Into NewFile Sun Nov 26 20:21:37 2017
Make New File Sun Nov 26 20:21:41 2017
Outto NewFile Sun Nov 26 20:21:41 2017
Into OpenText_View Sun Nov 26 20:21:42 2017
Outto OpenText_View Sun Nov 26 20:21:45 2017
Into OpenText_Modify Sun Nov 26 20:21:45 2017
Outto OpenText_Modify Sun Nov 26 20:21:52 2017
listing Folder Sun Nov 26 20:21:54 2017
listing Folder Sun Nov 26 20:21:55 2017
Into removeFile Sun Nov 26 20:21:56 2017
asdf.txt Sun Nov 26 20:21:59 2017
Outto removeFile Sun Nov 26 20:21:59 2017
listing Folder Sun Nov 26 20:22:00 2017
Logout~ Sun Nov 26 20:22:06 2017
Into ChooseMode Sun Nov 26 22:27:24 2017
listing Folder Sun Nov 26 22:27:25 2017
Into NewFile Sun Nov 26 22:27:28 2017
Make New File Sun Nov 26 22:27:34 2017
Outto NewFile Sun Nov 26 22:27:34 2017
Into OpenText_View Sun Nov 26 22:27:42 2017
Outto OpenText_View Sun Nov 26 22:27:44 2017
Into OpenText_Modify Sun Nov 26 22:27:47 2017
Outto OpenText_Modify Sun Nov 26 22:28:01 2017
Into removeFile Sun Nov 26 22:28:03 2017
listing Folder Sun Nov 26 22:28:08 2017
Logout~ Sun Nov 26 22:28:12 2017
Into ChooseMode Sun Nov 26 22:31:31 2017
Into removeFile Sun Nov 26 22:31:32 2017
asdf.txt Sun Nov 26 22:31:35 2017
Outto removeFile Sun Nov 26 22:31:35 2017
listing Folder Sun Nov 26 22:31:36 2017
Into OpenText_View Sun Nov 26 22:31:41 2017
Outto OpenText_View Sun Nov 26 22:31:50 2017
Into ChooseMode Sun Nov 26 22:34:02 2017
listing Folder Sun Nov 26 22:36:02 2017
Into NewFile Sun Nov 26 22:36:05 2017
Make New File Sun Nov 26 22:36:09 2017
Outto NewFile Sun Nov 26 22:36:10 2017
listing Folder Sun Nov 26 22:36:13 2017
Into removeFile Sun Nov 26 22:36:15 2017
asdf.txt Sun Nov 26 22:36:18 2017
Outto removeFile Sun Nov 26 22:36:18 2017
listing Folder Sun Nov 26 22:36:19 2017
Logout~ Sun Nov 26 22:36:33 2017
Into ChooseMode Sun Nov 26 22:38:14 2017
listing Folder Sun Nov 26 22:38:16 2017
Into NewFile Sun Nov 26 22:38:17 2017
Make New File Sun Nov 26 22:38:21 2017
Outto NewFile Sun Nov 26 22:38:21 2017
Into OpenText_View Sun Nov 26 22:38:22 2017
Outto OpenText_View Sun Nov 26 22:38:24 2017
Into removeFile Sun Nov 26 22:38:26 2017
Remove FILE : asdf.txt Sun Nov 26 22:38:28 2017
Outto removeFile Sun Nov 26 22:38:28 2017
listing Folder Sun Nov 26 22:38:30 2017
Into OpenText_View Sun Nov 26 22:38:32 2017
Outto OpenText_View Sun Nov 26 22:38:37 2017
listing Folder Sun Nov 26 22:38:38 2017
Logout~ Sun Nov 26 22:38:41 2017
Into ChooseMode Sat Mar 31 02:29:36 2018
listing Folder Sat Mar 31 02:29:39 2018
Logout~ Sat Mar 31 02:29:45 2018
