Into ChooseMode Fri Dec 01 04:37:38 2017
Logout~ Fri Dec 01 04:37:43 2017
Into ChooseMode Mon Aug 20 21:52:58 2018
Into NewFile Mon Aug 20 21:53:00 2018
Make New File Mon Aug 20 21:53:10 2018
Outto NewFile Mon Aug 20 21:53:11 2018
Into OpenText_View Mon Aug 20 21:53:12 2018
Outto OpenText_View Mon Aug 20 21:53:44 2018
Logout~ Mon Aug 20 21:53:48 2018
Into ChooseMode Tue Aug 21 23:51:25 2018
Into OpenText_View Tue Aug 21 23:51:27 2018
Outto OpenText_View Tue Aug 21 23:51:29 2018
Into NewFile Tue Aug 21 23:51:30 2018
Make New File Tue Aug 21 23:51:44 2018
Outto NewFile Tue Aug 21 23:51:45 2018
listing Folder Tue Aug 21 23:51:52 2018
Into removeFile Tue Aug 21 23:51:53 2018
Remove FILE : int.cpp Tue Aug 21 23:51:56 2018
Outto removeFile Tue Aug 21 23:51:56 2018
Into removeFile Tue Aug 21 23:51:57 2018
listing Folder Tue Aug 21 23:51:59 2018
Logout~ Tue Aug 21 23:52:05 2018
